{
  "stats": {
    "suites": 1,
    "tests": 2,
    "passes": 2,
    "pending": 0,
    "failures": 0,
    "start": "2025-10-08T16:40:55.056Z",
    "end": "2025-10-08T16:40:55.835Z",
    "duration": 779,
    "testsRegistered": 2,
    "passPercent": 100,
    "pendingPercent": 0,
    "other": 0,
    "hasOther": false,
    "skipped": 0,
    "hasSkipped": false
  },
  "results": [
    {
      "uuid": "3dfca73e-a93d-4275-87bf-07008cdd240e",
      "title": "",
      "fullFile": "cypress/component/TooltipPlacement.cy.tsx",
      "file": "cypress/component/TooltipPlacement.cy.tsx",
      "beforeHooks": [],
      "afterHooks": [],
      "tests": [],
      "suites": [
        {
          "uuid": "e10bcb4e-99ba-43ef-8cf3-8f832cf3b2b9",
          "title": "Tooltip placement and motion",
          "fullFile": "",
          "file": "",
          "beforeHooks": [],
          "afterHooks": [],
          "tests": [
            {
              "title": "supports different placements",
              "fullTitle": "Tooltip placement and motion supports different placements",
              "timedOut": null,
              "duration": 53,
              "state": "passed",
              "speed": "fast",
              "pass": true,
              "fail": false,
              "pending": false,
              "context": null,
              "code": "mount(\n  /* @__PURE__ */ jsxDEV(Tooltip, { content: \"Tip\", isOpen: true, disableAnimation: true, placement: \"top\", children: /* @__PURE__ */ jsxDEV(\"button\", { children: \"Btn\" }, void 0, false, {\n    fileName: \"/Users/ravisingh/GitHub/OpenCDx/ui-library/cypress/component/TooltipPlacement.cy.tsx\",\n    lineNumber: 10,\n    columnNumber: 9\n  }, this) }, void 0, false, {\n    fileName: \"/Users/ravisingh/GitHub/OpenCDx/ui-library/cypress/component/TooltipPlacement.cy.tsx\",\n    lineNumber: 9,\n    columnNumber: 7\n  }, this)\n);\ncy.contains(\"Tip\").should(\"be.visible\");",
              "err": {},
              "uuid": "03d4b82a-dbb6-41f8-9c7b-d75e00e836ab",
              "parentUUID": "e10bcb4e-99ba-43ef-8cf3-8f832cf3b2b9",
              "isHook": false,
              "skipped": false
            },
            {
              "title": "accepts custom motionProps",
              "fullTitle": "Tooltip placement and motion accepts custom motionProps",
              "timedOut": null,
              "duration": 43,
              "state": "passed",
              "speed": "fast",
              "pass": true,
              "fail": false,
              "pending": false,
              "context": null,
              "code": "mount(\n  /* @__PURE__ */ jsxDEV(Tooltip, { content: \"Tip2\", isOpen: true, motionProps: { role: \"tooltip\" }, children: /* @__PURE__ */ jsxDEV(\"button\", { children: \"Btn2\" }, void 0, false, {\n    fileName: \"/Users/ravisingh/GitHub/OpenCDx/ui-library/cypress/component/TooltipPlacement.cy.tsx\",\n    lineNumber: 19,\n    columnNumber: 9\n  }, this) }, void 0, false, {\n    fileName: \"/Users/ravisingh/GitHub/OpenCDx/ui-library/cypress/component/TooltipPlacement.cy.tsx\",\n    lineNumber: 18,\n    columnNumber: 7\n  }, this)\n);\ncy.contains(\"Tip2\").should(\"be.visible\");",
              "err": {},
              "uuid": "ae3a82fc-bedd-446e-ba8a-1bc704d04660",
              "parentUUID": "e10bcb4e-99ba-43ef-8cf3-8f832cf3b2b9",
              "isHook": false,
              "skipped": false
            }
          ],
          "suites": [],
          "passes": [
            "03d4b82a-dbb6-41f8-9c7b-d75e00e836ab",
            "ae3a82fc-bedd-446e-ba8a-1bc704d04660"
          ],
          "failures": [],
          "pending": [],
          "skipped": [],
          "duration": 96,
          "root": false,
          "rootEmpty": false,
          "_timeout": 2000
        }
      ],
      "passes": [],
      "failures": [],
      "pending": [],
      "skipped": [],
      "duration": 0,
      "root": true,
      "rootEmpty": true,
      "_timeout": 2000
    }
  ],
  "meta": {
    "mocha": {
      "version": "7.0.1"
    },
    "mochawesome": {
      "options": {
        "quiet": false,
        "reportFilename": "mochawesome",
        "saveHtml": true,
        "saveJson": true,
        "consoleReporter": "spec",
        "useInlineDiffs": false,
        "code": true
      },
      "version": "7.1.4"
    },
    "marge": {
      "options": {
        "reportDir": "cypress/results",
        "overwrite": true,
        "html": true,
        "json": true
      },
      "version": "6.3.0"
    }
  }
}