{
  "stats": {
    "suites": 1,
    "tests": 6,
    "passes": 6,
    "pending": 0,
    "failures": 0,
    "start": "2025-10-08T18:06:41.888Z",
    "end": "2025-10-08T18:06:42.802Z",
    "duration": 914,
    "testsRegistered": 6,
    "passPercent": 100,
    "pendingPercent": 0,
    "other": 0,
    "hasOther": false,
    "skipped": 0,
    "hasSkipped": false
  },
  "results": [
    {
      "uuid": "ff2da8cd-def2-4a0e-95ca-2cd24c816698",
      "title": "",
      "fullFile": "cypress/component/User.cy.tsx",
      "file": "cypress/component/User.cy.tsx",
      "beforeHooks": [],
      "afterHooks": [],
      "tests": [],
      "suites": [
        {
          "uuid": "86d2b4fe-287a-418c-9c00-c43a398e4612",
          "title": "User Component",
          "fullFile": "",
          "file": "",
          "beforeHooks": [],
          "afterHooks": [],
          "tests": [
            {
              "title": "renders name and description",
              "fullTitle": "User Component renders name and description",
              "timedOut": null,
              "duration": 53,
              "state": "passed",
              "speed": "fast",
              "pass": true,
              "fail": false,
              "pending": false,
              "context": null,
              "code": "mount(/* @__PURE__ */ jsxDEV(User, { name: \"Jane Doe\", description: \"Developer\" }, void 0, false, {\n  fileName: \"/Users/ravisingh/GitHub/OpenCDx/ui-library/cypress/component/User.cy.tsx\",\n  lineNumber: 8,\n  columnNumber: 11\n}, this));\ncy.contains(\"Jane Doe\").should(\"be.visible\");\ncy.contains(\"Developer\").should(\"be.visible\");",
              "err": {},
              "uuid": "ec0d6641-3760-4699-9016-edc44edf5481",
              "parentUUID": "86d2b4fe-287a-418c-9c00-c43a398e4612",
              "isHook": false,
              "skipped": false
            },
            {
              "title": "renders with avatar props",
              "fullTitle": "User Component renders with avatar props",
              "timedOut": null,
              "duration": 19,
              "state": "passed",
              "speed": "fast",
              "pass": true,
              "fail": false,
              "pending": false,
              "context": null,
              "code": "mount(\n  /* @__PURE__ */ jsxDEV(\n    User,\n    {\n      name: \"John\",\n      description: \"Admin\",\n      avatarProps: { src: \"/public/opencdx.png\", alt: \"Avatar\" }\n    },\n    void 0,\n    false,\n    {\n      fileName: \"/Users/ravisingh/GitHub/OpenCDx/ui-library/cypress/component/User.cy.tsx\",\n      lineNumber: 15,\n      columnNumber: 7\n    },\n    this\n  )\n);\ncy.get('img[alt=\"Avatar\"]').should(\"exist\");\ncy.contains(\"John\").should(\"be.visible\");",
              "err": {},
              "uuid": "88021da1-521e-4fbb-b86e-c4dd14af336d",
              "parentUUID": "86d2b4fe-287a-418c-9c00-c43a398e4612",
              "isHook": false,
              "skipped": false
            },
            {
              "title": "respects isFocusable prop",
              "fullTitle": "User Component respects isFocusable prop",
              "timedOut": null,
              "duration": 19,
              "state": "passed",
              "speed": "fast",
              "pass": true,
              "fail": false,
              "pending": false,
              "context": null,
              "code": "mount(/* @__PURE__ */ jsxDEV(User, { name: \"Alice\", isFocusable: true }, void 0, false, {\n  fileName: \"/Users/ravisingh/GitHub/OpenCDx/ui-library/cypress/component/User.cy.tsx\",\n  lineNumber: 26,\n  columnNumber: 11\n}, this));\ncy.contains(\"Alice\").closest(\"[tabindex]\").should(\"have.attr\", \"tabindex\", \"0\");",
              "err": {},
              "uuid": "b080d842-f358-4635-aa33-a768b7fbef9f",
              "parentUUID": "86d2b4fe-287a-418c-9c00-c43a398e4612",
              "isHook": false,
              "skipped": false
            },
            {
              "title": "renders as button when as=\"button\"",
              "fullTitle": "User Component renders as button when as=\"button\"",
              "timedOut": null,
              "duration": 11,
              "state": "passed",
              "speed": "fast",
              "pass": true,
              "fail": false,
              "pending": false,
              "context": null,
              "code": "mount(/* @__PURE__ */ jsxDEV(User, { name: \"Bob\", as: \"button\" }, void 0, false, {\n  fileName: \"/Users/ravisingh/GitHub/OpenCDx/ui-library/cypress/component/User.cy.tsx\",\n  lineNumber: 31,\n  columnNumber: 11\n}, this));\ncy.get(\"button\").contains(\"Bob\").should(\"exist\");\ncy.get(\"button\").should(\"have.attr\", \"tabindex\", \"0\");",
              "err": {},
              "uuid": "916df5ee-9f3c-4c44-97ba-68682e77e415",
              "parentUUID": "86d2b4fe-287a-418c-9c00-c43a398e4612",
              "isHook": false,
              "skipped": false
            },
            {
              "title": "applies custom classNames",
              "fullTitle": "User Component applies custom classNames",
              "timedOut": null,
              "duration": 14,
              "state": "passed",
              "speed": "fast",
              "pass": true,
              "fail": false,
              "pending": false,
              "context": null,
              "code": "mount(\n  /* @__PURE__ */ jsxDEV(\n    User,\n    {\n      name: \"Charlie\",\n      classNames: { base: \"custom-base\", name: \"custom-name\" }\n    },\n    void 0,\n    false,\n    {\n      fileName: \"/Users/ravisingh/GitHub/OpenCDx/ui-library/cypress/component/User.cy.tsx\",\n      lineNumber: 38,\n      columnNumber: 7\n    },\n    this\n  )\n);\ncy.contains(\"Charlie\").should(\"have.class\", \"custom-name\");",
              "err": {},
              "uuid": "282a89b2-db3a-4ecc-b416-5e547f28a58e",
              "parentUUID": "86d2b4fe-287a-418c-9c00-c43a398e4612",
              "isHook": false,
              "skipped": false
            },
            {
              "title": "renders without description",
              "fullTitle": "User Component renders without description",
              "timedOut": null,
              "duration": 13,
              "state": "passed",
              "speed": "fast",
              "pass": true,
              "fail": false,
              "pending": false,
              "context": null,
              "code": "mount(/* @__PURE__ */ jsxDEV(User, { name: \"Dana\" }, void 0, false, {\n  fileName: \"/Users/ravisingh/GitHub/OpenCDx/ui-library/cypress/component/User.cy.tsx\",\n  lineNumber: 47,\n  columnNumber: 11\n}, this));\ncy.contains(\"Dana\").should(\"be.visible\");",
              "err": {},
              "uuid": "815010d7-2d9d-4e19-a3dc-33743e56e43f",
              "parentUUID": "86d2b4fe-287a-418c-9c00-c43a398e4612",
              "isHook": false,
              "skipped": false
            }
          ],
          "suites": [],
          "passes": [
            "ec0d6641-3760-4699-9016-edc44edf5481",
            "88021da1-521e-4fbb-b86e-c4dd14af336d",
            "b080d842-f358-4635-aa33-a768b7fbef9f",
            "916df5ee-9f3c-4c44-97ba-68682e77e415",
            "282a89b2-db3a-4ecc-b416-5e547f28a58e",
            "815010d7-2d9d-4e19-a3dc-33743e56e43f"
          ],
          "failures": [],
          "pending": [],
          "skipped": [],
          "duration": 129,
          "root": false,
          "rootEmpty": false,
          "_timeout": 2000
        }
      ],
      "passes": [],
      "failures": [],
      "pending": [],
      "skipped": [],
      "duration": 0,
      "root": true,
      "rootEmpty": true,
      "_timeout": 2000
    }
  ],
  "meta": {
    "mocha": {
      "version": "7.0.1"
    },
    "mochawesome": {
      "options": {
        "quiet": false,
        "reportFilename": "mochawesome",
        "saveHtml": true,
        "saveJson": true,
        "consoleReporter": "spec",
        "useInlineDiffs": false,
        "code": true
      },
      "version": "7.1.4"
    },
    "marge": {
      "options": {
        "reportDir": "cypress/results",
        "overwrite": true,
        "html": true,
        "json": true
      },
      "version": "6.3.0"
    }
  }
}